<?xml version="1.0" encoding="utf-8"?>
<coverage line-rate="0.8611" branch-rate="0.9137000000000001" version="1.9" timestamp="1725989085" lines-covered="217" lines-valid="252" branches-covered="53" branches-valid="58">
  <sources>
    <source>C:\Users\Sergio\Desktop\Veeam\TestTask\TestTask\</source>
  </sources>
  <packages>
    <package name="TestTask" line-rate="0.8611" branch-rate="0.9137000000000001" complexity="88">
      <classes>
        <class name="Program" filename="Program.cs" line-rate="0" branch-rate="0" complexity="2">
          <methods>
            <method name="Main" signature="(System.String[])" line-rate="0" branch-rate="0" complexity="2">
              <lines>
                <line number="6" hits="0" branch="False" />
                <line number="7" hits="0" branch="True" condition-coverage="0% (0/2)">
                  <conditions>
                    <condition number="12" type="jump" coverage="0%" />
                  </conditions>
                </line>
                <line number="8" hits="0" branch="False" />
                <line number="9" hits="0" branch="False" />
                <line number="10" hits="0" branch="False" />
                <line number="13" hits="0" branch="False" />
                <line number="15" hits="0" branch="False" />
                <line number="17" hits="0" branch="False" />
                <line number="18" hits="0" branch="False" />
                <line number="19" hits="0" branch="False" />
              </lines>
            </method>
          </methods>
          <lines>
            <line number="6" hits="0" branch="False" />
            <line number="7" hits="0" branch="True" condition-coverage="0% (0/2)">
              <conditions>
                <condition number="12" type="jump" coverage="0%" />
              </conditions>
            </line>
            <line number="8" hits="0" branch="False" />
            <line number="9" hits="0" branch="False" />
            <line number="10" hits="0" branch="False" />
            <line number="13" hits="0" branch="False" />
            <line number="15" hits="0" branch="False" />
            <line number="17" hits="0" branch="False" />
            <line number="18" hits="0" branch="False" />
            <line number="19" hits="0" branch="False" />
          </lines>
        </class>
        <class name="TestTask.FileSync" filename="FileSync.cs" line-rate="0.7857" branch-rate="1" complexity="6">
          <methods>
            <method name="get_Path" signature="()" line-rate="1" branch-rate="1" complexity="1">
              <lines>
                <line number="5" hits="42" branch="False" />
              </lines>
            </method>
            <method name="get_TrimPath" signature="()" line-rate="1" branch-rate="1" complexity="1">
              <lines>
                <line number="6" hits="32" branch="False" />
              </lines>
            </method>
            <method name="get_Size" signature="()" line-rate="1" branch-rate="1" complexity="1">
              <lines>
                <line number="7" hits="15" branch="False" />
              </lines>
            </method>
            <method name="get_LastModificationTime" signature="()" line-rate="1" branch-rate="1" complexity="1">
              <lines>
                <line number="8" hits="16" branch="False" />
              </lines>
            </method>
            <method name="ToString" signature="()" line-rate="0" branch-rate="1" complexity="1">
              <lines>
                <line number="21" hits="0" branch="False" />
                <line number="22" hits="0" branch="False" />
                <line number="23" hits="0" branch="False" />
              </lines>
            </method>
            <method name=".ctor" signature="(System.String,System.Int64,System.DateTime,System.String)" line-rate="1" branch-rate="1" complexity="1">
              <lines>
                <line number="10" hits="15" branch="False" />
                <line number="11" hits="15" branch="False" />
                <line number="12" hits="15" branch="False" />
                <line number="13" hits="15" branch="False" />
                <line number="14" hits="15" branch="False" />
                <line number="16" hits="15" branch="False" />
                <line number="17" hits="15" branch="False" />
              </lines>
            </method>
          </methods>
          <lines>
            <line number="5" hits="42" branch="False" />
            <line number="6" hits="32" branch="False" />
            <line number="7" hits="15" branch="False" />
            <line number="8" hits="16" branch="False" />
            <line number="21" hits="0" branch="False" />
            <line number="22" hits="0" branch="False" />
            <line number="23" hits="0" branch="False" />
            <line number="10" hits="15" branch="False" />
            <line number="11" hits="15" branch="False" />
            <line number="12" hits="15" branch="False" />
            <line number="13" hits="15" branch="False" />
            <line number="14" hits="15" branch="False" />
            <line number="16" hits="15" branch="False" />
            <line number="17" hits="15" branch="False" />
          </lines>
        </class>
        <class name="TestTask.FolderSync" filename="FolderSync.cs" line-rate="0.7142000000000001" branch-rate="1" complexity="6">
          <methods>
            <method name="get_Path" signature="()" line-rate="1" branch-rate="1" complexity="1">
              <lines>
                <line number="5" hits="50" branch="False" />
              </lines>
            </method>
            <method name="get_TrimPath" signature="()" line-rate="1" branch-rate="1" complexity="1">
              <lines>
                <line number="6" hits="65" branch="False" />
              </lines>
            </method>
            <method name="get_LastModificationTime" signature="()" line-rate="1" branch-rate="1" complexity="1">
              <lines>
                <line number="7" hits="24" branch="False" />
              </lines>
            </method>
            <method name="get_Files" signature="()" line-rate="1" branch-rate="1" complexity="1">
              <lines>
                <line number="8" hits="69" branch="False" />
              </lines>
            </method>
            <method name="ToString" signature="()" line-rate="0" branch-rate="1" complexity="1">
              <lines>
                <line number="20" hits="0" branch="False" />
                <line number="21" hits="0" branch="False" />
                <line number="22" hits="0" branch="False" />
                <line number="23" hits="0" branch="False" />
              </lines>
            </method>
            <method name=".ctor" signature="(System.String,System.DateTime,System.String)" line-rate="1" branch-rate="1" complexity="1">
              <lines>
                <line number="10" hits="24" branch="False" />
                <line number="11" hits="24" branch="False" />
                <line number="12" hits="24" branch="False" />
                <line number="13" hits="24" branch="False" />
                <line number="15" hits="24" branch="False" />
                <line number="16" hits="24" branch="False" />
              </lines>
            </method>
          </methods>
          <lines>
            <line number="5" hits="50" branch="False" />
            <line number="6" hits="65" branch="False" />
            <line number="7" hits="24" branch="False" />
            <line number="8" hits="69" branch="False" />
            <line number="20" hits="0" branch="False" />
            <line number="21" hits="0" branch="False" />
            <line number="22" hits="0" branch="False" />
            <line number="23" hits="0" branch="False" />
            <line number="10" hits="24" branch="False" />
            <line number="11" hits="24" branch="False" />
            <line number="12" hits="24" branch="False" />
            <line number="13" hits="24" branch="False" />
            <line number="15" hits="24" branch="False" />
            <line number="16" hits="24" branch="False" />
          </lines>
        </class>
        <class name="TestTask.Logger" filename="Logger.cs" line-rate="0.46659999999999996" branch-rate="0.25" complexity="6">
          <methods>
            <method name="Write" signature="(System.String)" line-rate="0" branch-rate="1" complexity="1">
              <lines>
                <line number="13" hits="0" branch="False" />
                <line number="14" hits="0" branch="False" />
                <line number="15" hits="0" branch="False" />
                <line number="16" hits="0" branch="False" />
                <line number="17" hits="0" branch="False" />
              </lines>
            </method>
            <method name="Dispose" signature="()" line-rate="0" branch-rate="0" complexity="2">
              <lines>
                <line number="20" hits="0" branch="False" />
                <line number="21" hits="0" branch="True" condition-coverage="0% (0/2)">
                  <conditions>
                    <condition number="8" type="jump" coverage="0%" />
                  </conditions>
                </line>
                <line number="22" hits="0" branch="False" />
              </lines>
            </method>
            <method name="Close" signature="()" line-rate="1" branch-rate="0.5" complexity="2">
              <lines>
                <line number="25" hits="10" branch="False" />
                <line number="26" hits="10" branch="True" condition-coverage="50% (1/2)">
                  <conditions>
                    <condition number="8" type="jump" coverage="50%" />
                  </conditions>
                </line>
                <line number="27" hits="10" branch="False" />
              </lines>
            </method>
            <method name=".ctor" signature="(System.String)" line-rate="1" branch-rate="1" complexity="1">
              <lines>
                <line number="7" hits="10" branch="False" />
                <line number="8" hits="10" branch="False" />
                <line number="9" hits="10" branch="False" />
                <line number="10" hits="10" branch="False" />
              </lines>
            </method>
          </methods>
          <lines>
            <line number="13" hits="0" branch="False" />
            <line number="14" hits="0" branch="False" />
            <line number="15" hits="0" branch="False" />
            <line number="16" hits="0" branch="False" />
            <line number="17" hits="0" branch="False" />
            <line number="20" hits="0" branch="False" />
            <line number="21" hits="0" branch="True" condition-coverage="0% (0/2)">
              <conditions>
                <condition number="8" type="jump" coverage="0%" />
              </conditions>
            </line>
            <line number="22" hits="0" branch="False" />
            <line number="25" hits="10" branch="False" />
            <line number="26" hits="10" branch="True" condition-coverage="50% (1/2)">
              <conditions>
                <condition number="8" type="jump" coverage="50%" />
              </conditions>
            </line>
            <line number="27" hits="10" branch="False" />
            <line number="7" hits="10" branch="False" />
            <line number="8" hits="10" branch="False" />
            <line number="9" hits="10" branch="False" />
            <line number="10" hits="10" branch="False" />
          </lines>
        </class>
        <class name="TestTask.Settings" filename="Settings.cs" line-rate="0.9473" branch-rate="1" complexity="8">
          <methods>
            <method name="get_SourceFolderPath" signature="()" line-rate="1" branch-rate="1" complexity="1">
              <lines>
                <line number="5" hits="83" branch="False" />
              </lines>
            </method>
            <method name="get_ReplicaFolderPath" signature="()" line-rate="1" branch-rate="1" complexity="1">
              <lines>
                <line number="6" hits="101" branch="False" />
              </lines>
            </method>
            <method name="get_SyncIntervalSeconds" signature="()" line-rate="1" branch-rate="1" complexity="1">
              <lines>
                <line number="7" hits="10" branch="False" />
              </lines>
            </method>
            <method name="get_SyncIntervalMiliseconds" signature="()" line-rate="0" branch-rate="1" complexity="1">
              <lines>
                <line number="8" hits="0" branch="False" />
              </lines>
            </method>
            <method name="ToInt" signature="(System.String)" line-rate="1" branch-rate="1" complexity="2">
              <lines>
                <line number="23" hits="11" branch="False" />
                <line number="24" hits="11" branch="True" condition-coverage="100% (2/2)">
                  <conditions>
                    <condition number="11" type="jump" coverage="100%" />
                  </conditions>
                </line>
                <line number="25" hits="10" branch="False" />
                <line number="26" hits="10" branch="False" />
                <line number="29" hits="1" branch="False" />
                <line number="30" hits="10" branch="False" />
              </lines>
            </method>
            <method name=".ctor" signature="(System.String,System.String,System.String)" line-rate="1" branch-rate="1" complexity="2">
              <lines>
                <line number="10" hits="12" branch="False" />
                <line number="11" hits="12" branch="False" />
                <line number="12" hits="12" branch="False" />
                <line number="13" hits="14" branch="True" condition-coverage="100% (2/2)">
                  <conditions>
                    <condition number="21" type="jump" coverage="100%" />
                  </conditions>
                </line>
                <line number="15" hits="11" branch="False" />
                <line number="17" hits="10" branch="False" />
                <line number="18" hits="10" branch="False" />
                <line number="19" hits="10" branch="False" />
                <line number="20" hits="10" branch="False" />
              </lines>
            </method>
          </methods>
          <lines>
            <line number="5" hits="83" branch="False" />
            <line number="6" hits="101" branch="False" />
            <line number="7" hits="10" branch="False" />
            <line number="8" hits="0" branch="False" />
            <line number="23" hits="11" branch="False" />
            <line number="24" hits="11" branch="True" condition-coverage="100% (2/2)">
              <conditions>
                <condition number="11" type="jump" coverage="100%" />
              </conditions>
            </line>
            <line number="25" hits="10" branch="False" />
            <line number="26" hits="10" branch="False" />
            <line number="29" hits="1" branch="False" />
            <line number="30" hits="10" branch="False" />
            <line number="10" hits="12" branch="False" />
            <line number="11" hits="12" branch="False" />
            <line number="12" hits="12" branch="False" />
            <line number="13" hits="14" branch="True" condition-coverage="100% (2/2)">
              <conditions>
                <condition number="21" type="jump" coverage="100%" />
              </conditions>
            </line>
            <line number="15" hits="11" branch="False" />
            <line number="17" hits="10" branch="False" />
            <line number="18" hits="10" branch="False" />
            <line number="19" hits="10" branch="False" />
            <line number="20" hits="10" branch="False" />
          </lines>
        </class>
        <class name="TestTask.Synchronizer" filename="Synchronizer.cs" line-rate="0.9638" branch-rate="1" complexity="54">
          <methods>
            <method name="get_SourceFolder" signature="()" line-rate="1" branch-rate="1" complexity="1">
              <lines>
                <line number="9" hits="34" branch="False" />
              </lines>
            </method>
            <method name="get_ReplicaFolder" signature="()" line-rate="1" branch-rate="1" complexity="1">
              <lines>
                <line number="10" hits="34" branch="False" />
              </lines>
            </method>
            <method name="get_SyncOperations" signature="()" line-rate="1" branch-rate="1" complexity="1">
              <lines>
                <line number="11" hits="54" branch="False" />
              </lines>
            </method>
            <method name="Start" signature="()" line-rate="0" branch-rate="1" complexity="1">
              <lines>
                <line number="20" hits="0" branch="False" />
                <line number="21" hits="0" branch="False" />
                <line number="22" hits="0" branch="False" />
                <line number="23" hits="0" branch="False" />
                <line number="24" hits="0" branch="False" />
                <line number="25" hits="0" branch="False" />
              </lines>
            </method>
            <method name="Synchronize" signature="()" line-rate="1" branch-rate="1" complexity="1">
              <lines>
                <line number="29" hits="1" branch="False" />
                <line number="30" hits="1" branch="False" />
                <line number="33" hits="1" branch="False" />
                <line number="36" hits="1" branch="False" />
                <line number="37" hits="1" branch="False" />
                <line number="40" hits="1" branch="False" />
                <line number="43" hits="1" branch="False" />
                <line number="46" hits="1" branch="False" />
                <line number="48" hits="1" branch="False" />
                <line number="51" hits="1" branch="False" />
                <line number="52" hits="1" branch="False" />
                <line number="53" hits="1" branch="False" />
                <line number="54" hits="1" branch="False" />
              </lines>
            </method>
            <method name="ReadFoldersAndFiles" signature="(System.String,System.Collections.Generic.Dictionary`2&lt;System.String,TestTask.FolderSync&gt;,System.String)" line-rate="1" branch-rate="1" complexity="4">
              <lines>
                <line number="57" hits="24" branch="False" />
                <line number="58" hits="24" branch="False" />
                <line number="59" hits="24" branch="False" />
                <line number="62" hits="102" branch="True" condition-coverage="100% (2/2)">
                  <conditions>
                    <condition number="90" type="jump" coverage="100%" />
                  </conditions>
                </line>
                <line number="63" hits="15" branch="False" />
                <line number="64" hits="15" branch="False" />
                <line number="65" hits="15" branch="False" />
                <line number="66" hits="15" branch="False" />
                <line number="67" hits="15" branch="False" />
                <line number="69" hits="24" branch="False" />
                <line number="70" hits="24" branch="False" />
                <line number="73" hits="80" branch="True" condition-coverage="100% (2/2)">
                  <conditions>
                    <condition number="160" type="jump" coverage="100%" />
                  </conditions>
                </line>
                <line number="74" hits="4" branch="False" />
                <line number="75" hits="4" branch="False" />
                <line number="76" hits="4" branch="False" />
                <line number="77" hits="24" branch="False" />
              </lines>
            </method>
            <method name="CleanReplicaFolder" signature="()" line-rate="1" branch-rate="1" complexity="8">
              <lines>
                <line number="80" hits="2" branch="False" />
                <line number="81" hits="14" branch="True" condition-coverage="100% (2/2)">
                  <conditions>
                    <condition number="251" type="jump" coverage="100%" />
                  </conditions>
                </line>
                <line number="82" hits="4" branch="False" />
                <line number="84" hits="4" branch="True" condition-coverage="100% (2/2)">
                  <conditions>
                    <condition number="54" type="jump" coverage="100%" />
                  </conditions>
                </line>
                <line number="85" hits="2" branch="False" />
                <line number="87" hits="8" branch="True" condition-coverage="100% (2/2)">
                  <conditions>
                    <condition number="183" type="jump" coverage="100%" />
                  </conditions>
                </line>
                <line number="88" hits="1" branch="False" />
                <line number="90" hits="1" branch="True" condition-coverage="100% (2/2)">
                  <conditions>
                    <condition number="129" type="jump" coverage="100%" />
                  </conditions>
                </line>
                <line number="91" hits="1" branch="False" />
                <line number="92" hits="1" branch="False" />
                <line number="93" hits="1" branch="False" />
                <line number="94" hits="1" branch="False" />
                <line number="95" hits="2" branch="False" />
                <line number="97" hits="2" branch="False" />
                <line number="99" hits="2" branch="False" />
                <line number="100" hits="2" branch="False" />
                <line number="101" hits="4" branch="False" />
                <line number="102" hits="2" branch="False" />
              </lines>
            </method>
            <method name="CheckCopyAndCreationOperations" signature="()" line-rate="1" branch-rate="1" complexity="12">
              <lines>
                <line number="105" hits="9" branch="False" />
                <line number="106" hits="49" branch="True" condition-coverage="100% (2/2)">
                  <conditions>
                    <condition number="528" type="jump" coverage="100%" />
                  </conditions>
                </line>
                <line number="107" hits="11" branch="False" />
                <line number="109" hits="11" branch="True" condition-coverage="100% (2/2)">
                  <conditions>
                    <condition number="54" type="jump" coverage="100%" />
                  </conditions>
                </line>
                <line number="110" hits="9" branch="False" />
                <line number="112" hits="41" branch="True" condition-coverage="100% (2/2)">
                  <conditions>
                    <condition number="332" type="jump" coverage="100%" />
                  </conditions>
                </line>
                <line number="113" hits="7" branch="False" />
                <line number="115" hits="12" branch="False" />
                <line number="117" hits="7" branch="True" condition-coverage="100% (2/2)">
                  <conditions>
                    <condition number="136" type="jump" coverage="100%" />
                  </conditions>
                </line>
                <line number="118" hits="2" branch="False" />
                <line number="120" hits="2" branch="False" />
                <line number="121" hits="2" branch="False" />
                <line number="123" hits="5" branch="False" />
                <line number="125" hits="5" branch="True" condition-coverage="100% (2/2)">
                  <conditions>
                    <condition number="232" type="jump" coverage="100%" />
                  </conditions>
                </line>
                <line number="126" hits="4" branch="False" />
                <line number="128" hits="4" branch="False" />
                <line number="129" hits="4" branch="False" />
                <line number="131" hits="1" branch="False" />
                <line number="133" hits="1" branch="False" />
                <line number="134" hits="1" branch="False" />
                <line number="135" hits="5" branch="False" />
                <line number="136" hits="7" branch="False" />
                <line number="137" hits="9" branch="False" />
                <line number="139" hits="2" branch="False" />
                <line number="141" hits="2" branch="False" />
                <line number="144" hits="8" branch="True" condition-coverage="100% (2/2)">
                  <conditions>
                    <condition number="500" type="jump" coverage="100%" />
                  </conditions>
                </line>
                <line number="145" hits="1" branch="False" />
                <line number="146" hits="1" branch="False" />
                <line number="147" hits="1" branch="False" />
                <line number="148" hits="2" branch="False" />
                <line number="149" hits="11" branch="False" />
                <line number="150" hits="9" branch="False" />
              </lines>
            </method>
            <method name="TakeOperations" signature="()" line-rate="1" branch-rate="1" complexity="18">
              <lines>
                <line number="153" hits="7" branch="False" />
                <line number="154" hits="17" branch="True" condition-coverage="100% (2/2)">
                  <conditions>
                    <condition number="752" type="jump" coverage="100%" />
                  </conditions>
                </line>
                <line number="155" hits="10" branch="False" />
                <line number="156" hits="10" branch="False" />
                <line number="159" hits="10" branch="True" condition-coverage="100% (2/2)">
                  <conditions>
                    <condition number="47" type="jump" coverage="100%" />
                  </conditions>
                </line>
                <line number="160" hits="5" branch="False" />
                <line number="161" hits="5" branch="True" condition-coverage="100% (2/2)">
                  <conditions>
                    <condition number="82" type="jump" coverage="100%" />
                  </conditions>
                </line>
                <line number="162" hits="3" branch="False" />
                <line number="164" hits="3" branch="True" condition-coverage="100% (2/2)">
                  <conditions>
                    <condition number="119" type="jump" coverage="100%" />
                  </conditions>
                </line>
                <line number="165" hits="2" branch="False" />
                <line number="166" hits="2" branch="False" />
                <line number="167" hits="2" branch="False" />
                <line number="168" hits="2" branch="False" />
                <line number="170" hits="1" branch="False" />
                <line number="172" hits="1" branch="False" />
                <line number="173" hits="1" branch="False" />
                <line number="174" hits="1" branch="False" />
                <line number="175" hits="3" branch="False" />
                <line number="177" hits="2" branch="False" />
                <line number="179" hits="2" branch="False" />
                <line number="180" hits="2" branch="False" />
                <line number="181" hits="2" branch="False" />
                <line number="182" hits="5" branch="False" />
                <line number="184" hits="5" branch="True" condition-coverage="100% (2/2)">
                  <conditions>
                    <condition number="365" type="jump" coverage="100%" />
                  </conditions>
                </line>
                <line number="185" hits="2" branch="False" />
                <line number="187" hits="2" branch="True" condition-coverage="100% (2/2)">
                  <conditions>
                    <condition number="402" type="jump" coverage="100%" />
                  </conditions>
                </line>
                <line number="188" hits="1" branch="False" />
                <line number="189" hits="1" branch="False" />
                <line number="190" hits="1" branch="False" />
                <line number="191" hits="1" branch="False" />
                <line number="193" hits="1" branch="False" />
                <line number="195" hits="1" branch="False" />
                <line number="196" hits="1" branch="False" />
                <line number="197" hits="1" branch="False" />
                <line number="198" hits="2" branch="False" />
                <line number="201" hits="3" branch="False" />
                <line number="202" hits="3" branch="True" condition-coverage="100% (2/2)">
                  <conditions>
                    <condition number="605" type="jump" coverage="100%" />
                  </conditions>
                </line>
                <line number="203" hits="1" branch="False" />
                <line number="205" hits="1" branch="True" condition-coverage="100% (2/2)">
                  <conditions>
                    <condition number="623" type="jump" coverage="100%" />
                  </conditions>
                </line>
                <line number="206" hits="1" branch="False" />
                <line number="207" hits="1" branch="False" />
                <line number="208" hits="1" branch="False" />
                <line number="209" hits="1" branch="False" />
                <line number="211" hits="1" branch="False" />
                <line number="213" hits="2" branch="False" />
                <line number="215" hits="2" branch="True" condition-coverage="100% (2/2)">
                  <conditions>
                    <condition number="686" type="jump" coverage="100%" />
                  </conditions>
                </line>
                <line number="216" hits="1" branch="False" />
                <line number="217" hits="1" branch="False" />
                <line number="218" hits="1" branch="False" />
                <line number="219" hits="1" branch="False" />
                <line number="220" hits="2" branch="False" />
                <line number="221" hits="3" branch="False" />
                <line number="222" hits="10" branch="False" />
                <line number="223" hits="7" branch="False" />
              </lines>
            </method>
            <method name="FilesAreEqual" signature="(System.String,System.String)" line-rate="1" branch-rate="1" complexity="6">
              <lines>
                <line number="226" hits="5" branch="False" />
                <line number="227" hits="5" branch="False" />
                <line number="228" hits="5" branch="False" />
                <line number="231" hits="5" branch="True" condition-coverage="100% (2/2)">
                  <conditions>
                    <condition number="36" type="jump" coverage="100%" />
                  </conditions>
                </line>
                <line number="232" hits="3" branch="False" />
                <line number="233" hits="3" branch="False" />
                <line number="237" hits="2" branch="False" />
                <line number="239" hits="2" branch="False" />
                <line number="240" hits="2" branch="False" />
                <line number="241" hits="2" branch="False" />
                <line number="242" hits="2" branch="False" />
                <line number="245" hits="36" branch="True" condition-coverage="100% (2/2)">
                  <conditions>
                    <condition number="139" type="jump" coverage="100%" />
                  </conditions>
                </line>
                <line number="246" hits="17" branch="False" />
                <line number="247" hits="17" branch="True" condition-coverage="100% (2/2)">
                  <conditions>
                    <condition number="112" type="jump" coverage="100%" />
                  </conditions>
                </line>
                <line number="248" hits="1" branch="False" />
                <line number="249" hits="1" branch="False" />
                <line number="251" hits="16" branch="False" />
                <line number="253" hits="1" branch="False" />
                <line number="254" hits="5" branch="False" />
              </lines>
            </method>
            <method name=".ctor" signature="(TestTask.Logger,TestTask.Settings)" line-rate="1" branch-rate="1" complexity="1">
              <lines>
                <line number="13" hits="10" branch="False" />
                <line number="14" hits="10" branch="False" />
                <line number="15" hits="10" branch="False" />
                <line number="16" hits="10" branch="False" />
                <line number="17" hits="10" branch="False" />
              </lines>
            </method>
          </methods>
          <lines>
            <line number="9" hits="34" branch="False" />
            <line number="10" hits="34" branch="False" />
            <line number="11" hits="54" branch="False" />
            <line number="20" hits="0" branch="False" />
            <line number="21" hits="0" branch="False" />
            <line number="22" hits="0" branch="False" />
            <line number="23" hits="0" branch="False" />
            <line number="24" hits="0" branch="False" />
            <line number="25" hits="0" branch="False" />
            <line number="29" hits="1" branch="False" />
            <line number="30" hits="1" branch="False" />
            <line number="33" hits="1" branch="False" />
            <line number="36" hits="1" branch="False" />
            <line number="37" hits="1" branch="False" />
            <line number="40" hits="1" branch="False" />
            <line number="43" hits="1" branch="False" />
            <line number="46" hits="1" branch="False" />
            <line number="48" hits="1" branch="False" />
            <line number="51" hits="1" branch="False" />
            <line number="52" hits="1" branch="False" />
            <line number="53" hits="1" branch="False" />
            <line number="54" hits="1" branch="False" />
            <line number="57" hits="24" branch="False" />
            <line number="58" hits="24" branch="False" />
            <line number="59" hits="24" branch="False" />
            <line number="62" hits="102" branch="True" condition-coverage="100% (2/2)">
              <conditions>
                <condition number="90" type="jump" coverage="100%" />
              </conditions>
            </line>
            <line number="63" hits="15" branch="False" />
            <line number="64" hits="15" branch="False" />
            <line number="65" hits="15" branch="False" />
            <line number="66" hits="15" branch="False" />
            <line number="67" hits="15" branch="False" />
            <line number="69" hits="24" branch="False" />
            <line number="70" hits="24" branch="False" />
            <line number="73" hits="80" branch="True" condition-coverage="100% (2/2)">
              <conditions>
                <condition number="160" type="jump" coverage="100%" />
              </conditions>
            </line>
            <line number="74" hits="4" branch="False" />
            <line number="75" hits="4" branch="False" />
            <line number="76" hits="4" branch="False" />
            <line number="77" hits="24" branch="False" />
            <line number="80" hits="2" branch="False" />
            <line number="81" hits="14" branch="True" condition-coverage="100% (2/2)">
              <conditions>
                <condition number="251" type="jump" coverage="100%" />
              </conditions>
            </line>
            <line number="82" hits="4" branch="False" />
            <line number="84" hits="4" branch="True" condition-coverage="100% (2/2)">
              <conditions>
                <condition number="54" type="jump" coverage="100%" />
              </conditions>
            </line>
            <line number="85" hits="2" branch="False" />
            <line number="87" hits="8" branch="True" condition-coverage="100% (2/2)">
              <conditions>
                <condition number="183" type="jump" coverage="100%" />
              </conditions>
            </line>
            <line number="88" hits="1" branch="False" />
            <line number="90" hits="1" branch="True" condition-coverage="100% (2/2)">
              <conditions>
                <condition number="129" type="jump" coverage="100%" />
              </conditions>
            </line>
            <line number="91" hits="1" branch="False" />
            <line number="92" hits="1" branch="False" />
            <line number="93" hits="1" branch="False" />
            <line number="94" hits="1" branch="False" />
            <line number="95" hits="2" branch="False" />
            <line number="97" hits="2" branch="False" />
            <line number="99" hits="2" branch="False" />
            <line number="100" hits="2" branch="False" />
            <line number="101" hits="4" branch="False" />
            <line number="102" hits="2" branch="False" />
            <line number="105" hits="9" branch="False" />
            <line number="106" hits="49" branch="True" condition-coverage="100% (2/2)">
              <conditions>
                <condition number="528" type="jump" coverage="100%" />
              </conditions>
            </line>
            <line number="107" hits="11" branch="False" />
            <line number="109" hits="11" branch="True" condition-coverage="100% (2/2)">
              <conditions>
                <condition number="54" type="jump" coverage="100%" />
              </conditions>
            </line>
            <line number="110" hits="9" branch="False" />
            <line number="112" hits="41" branch="True" condition-coverage="100% (2/2)">
              <conditions>
                <condition number="332" type="jump" coverage="100%" />
              </conditions>
            </line>
            <line number="113" hits="7" branch="False" />
            <line number="115" hits="12" branch="False" />
            <line number="117" hits="7" branch="True" condition-coverage="100% (2/2)">
              <conditions>
                <condition number="136" type="jump" coverage="100%" />
              </conditions>
            </line>
            <line number="118" hits="2" branch="False" />
            <line number="120" hits="2" branch="False" />
            <line number="121" hits="2" branch="False" />
            <line number="123" hits="5" branch="False" />
            <line number="125" hits="5" branch="True" condition-coverage="100% (2/2)">
              <conditions>
                <condition number="232" type="jump" coverage="100%" />
              </conditions>
            </line>
            <line number="126" hits="4" branch="False" />
            <line number="128" hits="4" branch="False" />
            <line number="129" hits="4" branch="False" />
            <line number="131" hits="1" branch="False" />
            <line number="133" hits="1" branch="False" />
            <line number="134" hits="1" branch="False" />
            <line number="135" hits="5" branch="False" />
            <line number="136" hits="7" branch="False" />
            <line number="137" hits="9" branch="False" />
            <line number="139" hits="2" branch="False" />
            <line number="141" hits="2" branch="False" />
            <line number="144" hits="8" branch="True" condition-coverage="100% (2/2)">
              <conditions>
                <condition number="500" type="jump" coverage="100%" />
              </conditions>
            </line>
            <line number="145" hits="1" branch="False" />
            <line number="146" hits="1" branch="False" />
            <line number="147" hits="1" branch="False" />
            <line number="148" hits="2" branch="False" />
            <line number="149" hits="11" branch="False" />
            <line number="150" hits="9" branch="False" />
            <line number="153" hits="7" branch="False" />
            <line number="154" hits="17" branch="True" condition-coverage="100% (2/2)">
              <conditions>
                <condition number="752" type="jump" coverage="100%" />
              </conditions>
            </line>
            <line number="155" hits="10" branch="False" />
            <line number="156" hits="10" branch="False" />
            <line number="159" hits="10" branch="True" condition-coverage="100% (2/2)">
              <conditions>
                <condition number="47" type="jump" coverage="100%" />
              </conditions>
            </line>
            <line number="160" hits="5" branch="False" />
            <line number="161" hits="5" branch="True" condition-coverage="100% (2/2)">
              <conditions>
                <condition number="82" type="jump" coverage="100%" />
              </conditions>
            </line>
            <line number="162" hits="3" branch="False" />
            <line number="164" hits="3" branch="True" condition-coverage="100% (2/2)">
              <conditions>
                <condition number="119" type="jump" coverage="100%" />
              </conditions>
            </line>
            <line number="165" hits="2" branch="False" />
            <line number="166" hits="2" branch="False" />
            <line number="167" hits="2" branch="False" />
            <line number="168" hits="2" branch="False" />
            <line number="170" hits="1" branch="False" />
            <line number="172" hits="1" branch="False" />
            <line number="173" hits="1" branch="False" />
            <line number="174" hits="1" branch="False" />
            <line number="175" hits="3" branch="False" />
            <line number="177" hits="2" branch="False" />
            <line number="179" hits="2" branch="False" />
            <line number="180" hits="2" branch="False" />
            <line number="181" hits="2" branch="False" />
            <line number="182" hits="5" branch="False" />
            <line number="184" hits="5" branch="True" condition-coverage="100% (2/2)">
              <conditions>
                <condition number="365" type="jump" coverage="100%" />
              </conditions>
            </line>
            <line number="185" hits="2" branch="False" />
            <line number="187" hits="2" branch="True" condition-coverage="100% (2/2)">
              <conditions>
                <condition number="402" type="jump" coverage="100%" />
              </conditions>
            </line>
            <line number="188" hits="1" branch="False" />
            <line number="189" hits="1" branch="False" />
            <line number="190" hits="1" branch="False" />
            <line number="191" hits="1" branch="False" />
            <line number="193" hits="1" branch="False" />
            <line number="195" hits="1" branch="False" />
            <line number="196" hits="1" branch="False" />
            <line number="197" hits="1" branch="False" />
            <line number="198" hits="2" branch="False" />
            <line number="201" hits="3" branch="False" />
            <line number="202" hits="3" branch="True" condition-coverage="100% (2/2)">
              <conditions>
                <condition number="605" type="jump" coverage="100%" />
              </conditions>
            </line>
            <line number="203" hits="1" branch="False" />
            <line number="205" hits="1" branch="True" condition-coverage="100% (2/2)">
              <conditions>
                <condition number="623" type="jump" coverage="100%" />
              </conditions>
            </line>
            <line number="206" hits="1" branch="False" />
            <line number="207" hits="1" branch="False" />
            <line number="208" hits="1" branch="False" />
            <line number="209" hits="1" branch="False" />
            <line number="211" hits="1" branch="False" />
            <line number="213" hits="2" branch="False" />
            <line number="215" hits="2" branch="True" condition-coverage="100% (2/2)">
              <conditions>
                <condition number="686" type="jump" coverage="100%" />
              </conditions>
            </line>
            <line number="216" hits="1" branch="False" />
            <line number="217" hits="1" branch="False" />
            <line number="218" hits="1" branch="False" />
            <line number="219" hits="1" branch="False" />
            <line number="220" hits="2" branch="False" />
            <line number="221" hits="3" branch="False" />
            <line number="222" hits="10" branch="False" />
            <line number="223" hits="7" branch="False" />
            <line number="226" hits="5" branch="False" />
            <line number="227" hits="5" branch="False" />
            <line number="228" hits="5" branch="False" />
            <line number="231" hits="5" branch="True" condition-coverage="100% (2/2)">
              <conditions>
                <condition number="36" type="jump" coverage="100%" />
              </conditions>
            </line>
            <line number="232" hits="3" branch="False" />
            <line number="233" hits="3" branch="False" />
            <line number="237" hits="2" branch="False" />
            <line number="239" hits="2" branch="False" />
            <line number="240" hits="2" branch="False" />
            <line number="241" hits="2" branch="False" />
            <line number="242" hits="2" branch="False" />
            <line number="245" hits="36" branch="True" condition-coverage="100% (2/2)">
              <conditions>
                <condition number="139" type="jump" coverage="100%" />
              </conditions>
            </line>
            <line number="246" hits="17" branch="False" />
            <line number="247" hits="17" branch="True" condition-coverage="100% (2/2)">
              <conditions>
                <condition number="112" type="jump" coverage="100%" />
              </conditions>
            </line>
            <line number="248" hits="1" branch="False" />
            <line number="249" hits="1" branch="False" />
            <line number="251" hits="16" branch="False" />
            <line number="253" hits="1" branch="False" />
            <line number="254" hits="5" branch="False" />
            <line number="13" hits="10" branch="False" />
            <line number="14" hits="10" branch="False" />
            <line number="15" hits="10" branch="False" />
            <line number="16" hits="10" branch="False" />
            <line number="17" hits="10" branch="False" />
          </lines>
        </class>
        <class name="TestTask.SyncOperation" filename="SyncOperation.cs" line-rate="0.7857" branch-rate="1" complexity="6">
          <methods>
            <method name="get_Path" signature="()" line-rate="1" branch-rate="1" complexity="1">
              <lines>
                <line number="5" hits="45" branch="False" />
              </lines>
            </method>
            <method name="get_TrimPath" signature="()" line-rate="1" branch-rate="1" complexity="1">
              <lines>
                <line number="6" hits="25" branch="False" />
              </lines>
            </method>
            <method name="get_TargetType" signature="()" line-rate="1" branch-rate="1" complexity="1">
              <lines>
                <line number="7" hits="20" branch="False" />
              </lines>
            </method>
            <method name="get_SyncOperator" signature="()" line-rate="1" branch-rate="1" complexity="1">
              <lines>
                <line number="8" hits="29" branch="False" />
              </lines>
            </method>
            <method name="ToString" signature="()" line-rate="0" branch-rate="1" complexity="1">
              <lines>
                <line number="20" hits="0" branch="False" />
                <line number="21" hits="0" branch="False" />
                <line number="22" hits="0" branch="False" />
              </lines>
            </method>
            <method name=".ctor" signature="(System.String,TestTask.TargetType,TestTask.SyncOperator,System.String)" line-rate="1" branch-rate="1" complexity="1">
              <lines>
                <line number="10" hits="12" branch="False" />
                <line number="11" hits="12" branch="False" />
                <line number="12" hits="12" branch="False" />
                <line number="13" hits="12" branch="False" />
                <line number="14" hits="12" branch="False" />
                <line number="16" hits="12" branch="False" />
                <line number="17" hits="12" branch="False" />
              </lines>
            </method>
          </methods>
          <lines>
            <line number="5" hits="45" branch="False" />
            <line number="6" hits="25" branch="False" />
            <line number="7" hits="20" branch="False" />
            <line number="8" hits="29" branch="False" />
            <line number="20" hits="0" branch="False" />
            <line number="21" hits="0" branch="False" />
            <line number="22" hits="0" branch="False" />
            <line number="10" hits="12" branch="False" />
            <line number="11" hits="12" branch="False" />
            <line number="12" hits="12" branch="False" />
            <line number="13" hits="12" branch="False" />
            <line number="14" hits="12" branch="False" />
            <line number="16" hits="12" branch="False" />
            <line number="17" hits="12" branch="False" />
          </lines>
        </class>
      </classes>
    </package>
  </packages>
</coverage>